0 verbose cli /data/data/com.termux/files/usr/bin/node /data/data/com.termux/files/usr/bin/npm
1 info using npm@11.12.1
2 info using node@v25.8.2
3 silly config load:file:/data/data/com.termux/files/usr/lib/node_modules/npm/npmrc
4 silly config load:file:/data/data/com.termux/files/home/.npmrc
5 silly config load:file:/data/data/com.termux/files/usr/etc/npmrc
6 verbose title npm init
7 verbose argv "init" "--yes"
8 verbose logfile logs-max:10 dir:/data/data/com.termux/files/home/.npm/_logs/2026-04-01T22_15_16_536Z-
9 verbose logfile /data/data/com.termux/files/home/.npm/_logs/2026-04-01T22_15_16_536Z-debug-0.log
10 silly logfile done cleaning log files
11 silly package data {
11 silly package data   dependencies: { axios: '^1.14.0', 'body-parser': '^2.2.2', express: '^5.2.1' },
11 silly package data   name: 'home',
11 silly package data   version: '1.0.0',
11 silly package data   description: '',
11 silly package data   main: 'index.js',
11 silly package data   devDependencies: {},
11 silly package data   scripts: { test: 'echo "Error: no test specified" && exit 1' },
11 silly package data   keywords: [],
11 silly package data   author: '',
11 silly package data   license: 'ISC',
11 silly package data   type: 'commonjs',
11 silly package data   Symbol(newline): '\n',
11 silly package data   Symbol(indent): '  '
11 silly package data }
12 verbose cwd /data/data/com.termux/files/home
13 verbose os Linux 5.10.233-android12-9-00010-g70ad1d50b2d2-ab14134993
14 verbose node v25.8.2
15 verbose npm  v11.12.1
16 verbose exit 0
17 info ok
