0 verbose cli /data/data/com.termux/files/usr/bin/node /data/data/com.termux/files/usr/bin/npm
1 info using npm@11.12.1
2 info using node@v25.8.2
3 silly config load:file:/data/data/com.termux/files/usr/lib/node_modules/npm/npmrc
4 silly config load:file:/data/data/com.termux/files/home/.npmrc
5 silly config load:file:/data/data/com.termux/files/usr/etc/npmrc
6 verbose title npm install express axios body-parser
7 verbose argv "install" "express" "axios" "body-parser"
8 verbose logfile logs-max:10 dir:/data/data/com.termux/files/home/.npm/_logs/2026-04-01T22_13_11_226Z-
9 verbose logfile /data/data/com.termux/files/home/.npm/_logs/2026-04-01T22_13_11_226Z-debug-0.log
10 silly logfile done cleaning log files
11 silly packumentCache heap:1174405120 maxSize:293601280 maxEntrySize:146800640
12 silly idealTree buildDeps
13 silly fetch manifest express@*
14 silly packumentCache full:https://registry.npmjs.org/express cache-miss
15 http fetch GET 200 https://registry.npmjs.org/express 1004ms (cache miss)
16 silly packumentCache full:https://registry.npmjs.org/express set size:undefined disposed:false
17 silly fetch manifest axios@*
18 silly packumentCache full:https://registry.npmjs.org/axios cache-miss
19 http fetch GET 200 https://registry.npmjs.org/axios 226ms (cache miss)
20 silly packumentCache full:https://registry.npmjs.org/axios set size:undefined disposed:false
21 silly fetch manifest body-parser@*
22 silly packumentCache full:https://registry.npmjs.org/body-parser cache-miss
23 http fetch GET 200 https://registry.npmjs.org/body-parser 222ms (cache miss)
24 silly packumentCache full:https://registry.npmjs.org/body-parser set size:undefined disposed:false
25 silly placeDep ROOT axios@1.14.0 OK for:  want: *
26 silly placeDep ROOT body-parser@2.2.2 OK for:  want: *
27 silly placeDep ROOT express@5.2.1 OK for:  want: *
28 silly fetch manifest form-data@^4.0.5
29 silly packumentCache full:https://registry.npmjs.org/form-data cache-miss
30 silly fetch manifest proxy-from-env@^2.1.0
31 silly packumentCache full:https://registry.npmjs.org/proxy-from-env cache-miss
32 silly fetch manifest follow-redirects@^1.15.11
33 silly packumentCache full:https://registry.npmjs.org/follow-redirects cache-miss
34 silly fetch manifest bytes@^3.1.2
35 silly packumentCache full:https://registry.npmjs.org/bytes cache-miss
36 silly fetch manifest content-type@^1.0.5
37 silly packumentCache full:https://registry.npmjs.org/content-type cache-miss
38 silly fetch manifest debug@^4.4.3
39 silly packumentCache full:https://registry.npmjs.org/debug cache-miss
40 silly fetch manifest http-errors@^2.0.0
41 silly packumentCache full:https://registry.npmjs.org/http-errors cache-miss
42 http fetch GET 200 https://registry.npmjs.org/form-data 246ms (cache miss)
43 silly packumentCache full:https://registry.npmjs.org/form-data set size:undefined disposed:false
44 silly fetch manifest iconv-lite@^0.7.0
45 silly packumentCache full:https://registry.npmjs.org/iconv-lite cache-miss
46 http fetch GET 200 https://registry.npmjs.org/iconv-lite 202ms (cache miss)
47 silly packumentCache full:https://registry.npmjs.org/iconv-lite set size:undefined disposed:false
48 silly fetch manifest on-finished@^2.4.1
49 silly packumentCache full:https://registry.npmjs.org/on-finished cache-miss
50 http fetch GET 200 https://registry.npmjs.org/proxy-from-env 555ms (cache miss)
51 silly packumentCache full:https://registry.npmjs.org/proxy-from-env set size:undefined disposed:false
52 silly fetch manifest qs@^6.14.1
53 silly packumentCache full:https://registry.npmjs.org/qs cache-miss
54 http fetch GET 200 https://registry.npmjs.org/content-type 558ms (cache miss)
55 silly packumentCache full:https://registry.npmjs.org/content-type set size:undefined disposed:false
56 silly fetch manifest raw-body@^3.0.1
57 silly packumentCache full:https://registry.npmjs.org/raw-body cache-miss
58 http fetch GET 200 https://registry.npmjs.org/bytes 634ms (cache miss)
59 silly packumentCache full:https://registry.npmjs.org/bytes set size:undefined disposed:false
60 silly fetch manifest type-is@^2.0.1
61 silly packumentCache full:https://registry.npmjs.org/type-is cache-miss
62 http fetch GET 200 https://registry.npmjs.org/http-errors 646ms (cache miss)
63 silly packumentCache full:https://registry.npmjs.org/http-errors set size:undefined disposed:false
64 silly fetch manifest qs@^6.14.0
65 silly packumentCache full:https://registry.npmjs.org/qs cache-miss
66 http fetch GET 200 https://registry.npmjs.org/on-finished 201ms (cache miss)
67 silly packumentCache full:https://registry.npmjs.org/on-finished set size:undefined disposed:false
68 silly fetch manifest depd@^2.0.0
69 silly packumentCache full:https://registry.npmjs.org/depd cache-miss
70 http fetch GET 200 https://registry.npmjs.org/follow-redirects 713ms (cache miss)
71 silly packumentCache full:https://registry.npmjs.org/follow-redirects set size:undefined disposed:false
72 silly fetch manifest etag@^1.8.1
73 silly packumentCache full:https://registry.npmjs.org/etag cache-miss
74 http fetch GET 200 https://registry.npmjs.org/debug 732ms (cache miss)
75 silly packumentCache full:https://registry.npmjs.org/debug set size:undefined disposed:false
76 silly fetch manifest once@^1.4.0
77 silly packumentCache full:https://registry.npmjs.org/once cache-miss
78 http fetch GET 200 https://registry.npmjs.org/raw-body 254ms (cache miss)
79 silly packumentCache full:https://registry.npmjs.org/raw-body set size:undefined disposed:false
80 silly fetch manifest send@^1.1.0
81 silly packumentCache full:https://registry.npmjs.org/send cache-miss
82 http fetch GET 200 https://registry.npmjs.org/type-is 222ms (cache miss)
83 silly packumentCache full:https://registry.npmjs.org/type-is set size:undefined disposed:false
84 silly fetch manifest vary@^1.1.2
85 silly packumentCache full:https://registry.npmjs.org/vary cache-miss
86 http fetch GET 200 https://registry.npmjs.org/qs 334ms (cache miss)
87 silly packumentCache full:https://registry.npmjs.org/qs set size:undefined disposed:false
88 silly fetch manifest debug@^4.4.0
89 silly packumentCache full:https://registry.npmjs.org/debug cache-miss
90 http fetch GET 200 https://registry.npmjs.org/qs 259ms (cache miss)
91 silly packumentCache full:https://registry.npmjs.org/qs set size:undefined disposed:false
92 silly fetch manifest fresh@^2.0.0
93 silly packumentCache full:https://registry.npmjs.org/fresh cache-miss
94 http fetch GET 200 https://registry.npmjs.org/depd 279ms (cache miss)
95 silly packumentCache full:https://registry.npmjs.org/depd set size:undefined disposed:false
96 silly fetch manifest cookie@^0.7.1
97 silly packumentCache full:https://registry.npmjs.org/cookie cache-miss
98 http cache https://registry.npmjs.org/debug 121ms (cache hit)
99 silly packumentCache full:https://registry.npmjs.org/debug set size:195840 disposed:false
100 silly fetch manifest router@^2.2.0
101 silly packumentCache full:https://registry.npmjs.org/router cache-miss
102 http fetch GET 200 https://registry.npmjs.org/etag 323ms (cache miss)
103 silly packumentCache full:https://registry.npmjs.org/etag set size:undefined disposed:false
104 silly fetch manifest accepts@^2.0.0
105 silly packumentCache full:https://registry.npmjs.org/accepts cache-miss
106 http fetch GET 200 https://registry.npmjs.org/once 333ms (cache miss)
107 silly packumentCache full:https://registry.npmjs.org/once set size:undefined disposed:false
108 silly fetch manifest parseurl@^1.3.3
109 silly packumentCache full:https://registry.npmjs.org/parseurl cache-miss
110 http fetch GET 200 https://registry.npmjs.org/fresh 166ms (cache miss)
111 silly packumentCache full:https://registry.npmjs.org/fresh set size:undefined disposed:false
112 silly fetch manifest statuses@^2.0.1
113 silly packumentCache full:https://registry.npmjs.org/statuses cache-miss
114 http fetch GET 200 https://registry.npmjs.org/send 292ms (cache miss)
115 silly packumentCache full:https://registry.npmjs.org/send set size:undefined disposed:false
116 silly fetch manifest encodeurl@^2.0.0
117 silly packumentCache full:https://registry.npmjs.org/encodeurl cache-miss
118 http fetch GET 200 https://registry.npmjs.org/vary 282ms (cache miss)
119 silly packumentCache full:https://registry.npmjs.org/vary set size:undefined disposed:false
120 silly fetch manifest mime-types@^3.0.0
121 silly packumentCache full:https://registry.npmjs.org/mime-types cache-miss
122 http fetch GET 200 https://registry.npmjs.org/cookie 245ms (cache miss)
123 silly packumentCache full:https://registry.npmjs.org/cookie set size:undefined disposed:false
124 silly fetch manifest proxy-addr@^2.0.7
125 silly packumentCache full:https://registry.npmjs.org/proxy-addr cache-miss
126 http fetch GET 200 https://registry.npmjs.org/parseurl 234ms (cache miss)
127 silly packumentCache full:https://registry.npmjs.org/parseurl set size:undefined disposed:false
128 silly fetch manifest escape-html@^1.0.3
129 silly packumentCache full:https://registry.npmjs.org/escape-html cache-miss
130 http fetch GET 200 https://registry.npmjs.org/statuses 235ms (cache miss)
131 silly packumentCache full:https://registry.npmjs.org/statuses set size:undefined disposed:false
132 silly fetch manifest finalhandler@^2.1.0
133 silly packumentCache full:https://registry.npmjs.org/finalhandler cache-miss
134 http fetch GET 200 https://registry.npmjs.org/encodeurl 231ms (cache miss)
135 silly packumentCache full:https://registry.npmjs.org/encodeurl set size:undefined disposed:false
136 silly fetch manifest range-parser@^1.2.1
137 silly packumentCache full:https://registry.npmjs.org/range-parser cache-miss
138 http fetch GET 200 https://registry.npmjs.org/accepts 340ms (cache miss)
139 silly packumentCache full:https://registry.npmjs.org/accepts set size:undefined disposed:false
140 silly fetch manifest serve-static@^2.2.0
141 silly packumentCache full:https://registry.npmjs.org/serve-static cache-miss
142 http fetch GET 200 https://registry.npmjs.org/mime-types 242ms (cache miss)
143 silly packumentCache full:https://registry.npmjs.org/mime-types set size:undefined disposed:false
144 silly fetch manifest cookie-signature@^1.2.1
145 silly packumentCache full:https://registry.npmjs.org/cookie-signature cache-miss
146 http fetch GET 200 https://registry.npmjs.org/router 378ms (cache miss)
147 silly packumentCache full:https://registry.npmjs.org/router set size:undefined disposed:false
148 silly fetch manifest merge-descriptors@^2.0.0
149 silly packumentCache full:https://registry.npmjs.org/merge-descriptors cache-miss
150 http fetch GET 200 https://registry.npmjs.org/proxy-addr 241ms (cache miss)
151 silly packumentCache full:https://registry.npmjs.org/proxy-addr set size:undefined disposed:false
152 silly fetch manifest content-disposition@^1.0.0
153 silly packumentCache full:https://registry.npmjs.org/content-disposition cache-miss
154 http fetch GET 200 https://registry.npmjs.org/escape-html 235ms (cache miss)
155 silly packumentCache full:https://registry.npmjs.org/escape-html set size:undefined disposed:false
156 http fetch GET 200 https://registry.npmjs.org/finalhandler 224ms (cache miss)
157 silly packumentCache full:https://registry.npmjs.org/finalhandler set size:undefined disposed:false
158 http fetch GET 200 https://registry.npmjs.org/range-parser 228ms (cache miss)
159 silly packumentCache full:https://registry.npmjs.org/range-parser set size:undefined disposed:false
160 http fetch GET 200 https://registry.npmjs.org/cookie-signature 217ms (cache miss)
161 silly packumentCache full:https://registry.npmjs.org/cookie-signature set size:undefined disposed:false
162 http fetch GET 200 https://registry.npmjs.org/serve-static 233ms (cache miss)
163 silly packumentCache full:https://registry.npmjs.org/serve-static set size:undefined disposed:false
164 http fetch GET 200 https://registry.npmjs.org/merge-descriptors 222ms (cache miss)
165 silly packumentCache full:https://registry.npmjs.org/merge-descriptors set size:undefined disposed:false
166 http fetch GET 200 https://registry.npmjs.org/content-disposition 208ms (cache miss)
167 silly packumentCache full:https://registry.npmjs.org/content-disposition set size:undefined disposed:false
168 silly placeDep ROOT follow-redirects@1.15.11 OK for: axios@1.14.0 want: ^1.15.11
169 silly placeDep ROOT form-data@4.0.5 OK for: axios@1.14.0 want: ^4.0.5
170 silly placeDep ROOT proxy-from-env@2.1.0 OK for: axios@1.14.0 want: ^2.1.0
171 silly fetch manifest asynckit@^0.4.0
172 silly packumentCache full:https://registry.npmjs.org/asynckit cache-miss
173 silly fetch manifest combined-stream@^1.0.8
174 silly packumentCache full:https://registry.npmjs.org/combined-stream cache-miss
175 silly fetch manifest es-set-tostringtag@^2.1.0
176 silly packumentCache full:https://registry.npmjs.org/es-set-tostringtag cache-miss
177 silly fetch manifest hasown@^2.0.2
178 silly packumentCache full:https://registry.npmjs.org/hasown cache-miss
179 silly fetch manifest mime-types@^2.1.12
180 silly packumentCache full:https://registry.npmjs.org/mime-types cache-miss
181 http cache https://registry.npmjs.org/mime-types 35ms (cache hit)
182 silly packumentCache full:https://registry.npmjs.org/mime-types set size:139110 disposed:false
183 http fetch GET 200 https://registry.npmjs.org/asynckit 159ms (cache miss)
184 silly packumentCache full:https://registry.npmjs.org/asynckit set size:undefined disposed:false
185 http fetch GET 200 https://registry.npmjs.org/combined-stream 233ms (cache miss)
186 silly packumentCache full:https://registry.npmjs.org/combined-stream set size:undefined disposed:false
187 http fetch GET 200 https://registry.npmjs.org/es-set-tostringtag 242ms (cache miss)
188 silly packumentCache full:https://registry.npmjs.org/es-set-tostringtag set size:undefined disposed:false
189 http fetch GET 200 https://registry.npmjs.org/hasown 246ms (cache miss)
190 silly packumentCache full:https://registry.npmjs.org/hasown set size:undefined disposed:false
191 silly placeDep ROOT bytes@3.1.2 OK for: body-parser@2.2.2 want: ^3.1.2
192 silly placeDep ROOT content-type@1.0.5 OK for: body-parser@2.2.2 want: ^1.0.5
193 silly placeDep ROOT debug@4.4.3 OK for: body-parser@2.2.2 want: ^4.4.3
194 silly placeDep ROOT http-errors@2.0.1 OK for: body-parser@2.2.2 want: ^2.0.0
195 silly placeDep ROOT iconv-lite@0.7.2 OK for: body-parser@2.2.2 want: ^0.7.0
196 silly placeDep ROOT on-finished@2.4.1 OK for: body-parser@2.2.2 want: ^2.4.1
197 silly placeDep ROOT qs@6.15.0 OK for: body-parser@2.2.2 want: ^6.14.1
198 silly placeDep ROOT raw-body@3.0.2 OK for: body-parser@2.2.2 want: ^3.0.1
199 silly placeDep ROOT type-is@2.0.1 OK for: body-parser@2.2.2 want: ^2.0.1
200 silly fetch manifest ms@^2.1.3
201 silly packumentCache full:https://registry.npmjs.org/ms cache-miss
202 silly fetch manifest depd@~2.0.0
203 silly packumentCache full:https://registry.npmjs.org/depd cache-miss
204 silly fetch manifest inherits@~2.0.4
205 silly packumentCache full:https://registry.npmjs.org/inherits cache-miss
206 silly fetch manifest setprototypeof@~1.2.0
207 silly packumentCache full:https://registry.npmjs.org/setprototypeof cache-miss
208 silly fetch manifest statuses@~2.0.2
209 silly packumentCache full:https://registry.npmjs.org/statuses cache-miss
210 silly fetch manifest toidentifier@~1.0.1
211 silly packumentCache full:https://registry.npmjs.org/toidentifier cache-miss
212 silly fetch manifest safer-buffer@>= 2.1.2 < 3.0.0
213 silly packumentCache full:https://registry.npmjs.org/safer-buffer cache-miss
214 http cache https://registry.npmjs.org/statuses 46ms (cache hit)
215 silly packumentCache full:https://registry.npmjs.org/statuses set size:37117 disposed:false
216 silly fetch manifest ee-first@1.1.1
217 silly packumentCache full:https://registry.npmjs.org/ee-first cache-miss
218 http cache https://registry.npmjs.org/depd 64ms (cache hit)
219 silly packumentCache full:https://registry.npmjs.org/depd set size:40182 disposed:false
220 silly fetch manifest side-channel@^1.1.0
221 silly packumentCache full:https://registry.npmjs.org/side-channel cache-miss
222 http fetch GET 200 https://registry.npmjs.org/toidentifier 176ms (cache miss)
223 silly packumentCache full:https://registry.npmjs.org/toidentifier set size:undefined disposed:false
224 silly fetch manifest unpipe@~1.0.0
225 silly packumentCache full:https://registry.npmjs.org/unpipe cache-miss
226 http fetch GET 200 https://registry.npmjs.org/safer-buffer 237ms (cache miss)
227 silly packumentCache full:https://registry.npmjs.org/safer-buffer set size:undefined disposed:false
228 silly fetch manifest media-typer@^1.1.0
229 silly packumentCache full:https://registry.npmjs.org/media-typer cache-miss
230 http fetch GET 200 https://registry.npmjs.org/ms 262ms (cache miss)
231 silly packumentCache full:https://registry.npmjs.org/ms set size:undefined disposed:false
232 http fetch GET 200 https://registry.npmjs.org/setprototypeof 268ms (cache miss)
233 silly packumentCache full:https://registry.npmjs.org/setprototypeof set size:undefined disposed:false
234 http fetch GET 200 https://registry.npmjs.org/inherits 277ms (cache miss)
235 silly packumentCache full:https://registry.npmjs.org/inherits set size:undefined disposed:false
236 http fetch GET 200 https://registry.npmjs.org/side-channel 223ms (cache miss)
237 silly packumentCache full:https://registry.npmjs.org/side-channel set size:undefined disposed:false
238 http fetch GET 200 https://registry.npmjs.org/ee-first 242ms (cache miss)
239 silly packumentCache full:https://registry.npmjs.org/ee-first set size:undefined disposed:false
240 http fetch GET 200 https://registry.npmjs.org/unpipe 208ms (cache miss)
241 silly packumentCache full:https://registry.npmjs.org/unpipe set size:undefined disposed:false
242 http fetch GET 200 https://registry.npmjs.org/media-typer 215ms (cache miss)
243 silly packumentCache full:https://registry.npmjs.org/media-typer set size:undefined disposed:false
244 silly placeDep ROOT ms@2.1.3 OK for: debug@4.4.3 want: ^2.1.3
245 silly placeDep ROOT accepts@2.0.0 OK for: express@5.2.1 want: ^2.0.0
246 silly placeDep ROOT content-disposition@1.0.1 OK for: express@5.2.1 want: ^1.0.0
247 silly placeDep ROOT cookie@0.7.2 OK for: express@5.2.1 want: ^0.7.1
248 silly placeDep ROOT cookie-signature@1.2.2 OK for: express@5.2.1 want: ^1.2.1
249 silly placeDep ROOT depd@2.0.0 OK for: express@5.2.1 want: ^2.0.0
250 silly placeDep ROOT encodeurl@2.0.0 OK for: express@5.2.1 want: ^2.0.0
251 silly placeDep ROOT escape-html@1.0.3 OK for: express@5.2.1 want: ^1.0.3
252 silly placeDep ROOT etag@1.8.1 OK for: express@5.2.1 want: ^1.8.1
253 silly placeDep ROOT finalhandler@2.1.1 OK for: express@5.2.1 want: ^2.1.0
254 silly placeDep ROOT fresh@2.0.0 OK for: express@5.2.1 want: ^2.0.0
255 silly placeDep ROOT merge-descriptors@2.0.0 OK for: express@5.2.1 want: ^2.0.0
256 silly placeDep ROOT mime-types@3.0.2 OK for: express@5.2.1 want: ^3.0.0
257 silly placeDep ROOT once@1.4.0 OK for: express@5.2.1 want: ^1.4.0
258 silly placeDep ROOT parseurl@1.3.3 OK for: express@5.2.1 want: ^1.3.3
259 silly placeDep ROOT proxy-addr@2.0.7 OK for: express@5.2.1 want: ^2.0.7
260 silly placeDep ROOT range-parser@1.2.1 OK for: express@5.2.1 want: ^1.2.1
261 silly placeDep ROOT router@2.2.0 OK for: express@5.2.1 want: ^2.2.0
262 silly placeDep ROOT send@1.2.1 OK for: express@5.2.1 want: ^1.1.0
263 silly placeDep ROOT serve-static@2.2.1 OK for: express@5.2.1 want: ^2.2.0
264 silly placeDep ROOT statuses@2.0.2 OK for: express@5.2.1 want: ^2.0.1
265 silly placeDep ROOT vary@1.1.2 OK for: express@5.2.1 want: ^1.1.2
266 silly fetch manifest negotiator@^1.0.0
267 silly packumentCache full:https://registry.npmjs.org/negotiator cache-miss
268 silly fetch manifest mime-db@^1.54.0
269 silly packumentCache full:https://registry.npmjs.org/mime-db cache-miss
270 silly fetch manifest wrappy@1
271 silly packumentCache full:https://registry.npmjs.org/wrappy cache-miss
272 silly fetch manifest forwarded@0.2.0
273 silly packumentCache full:https://registry.npmjs.org/forwarded cache-miss
274 silly fetch manifest ipaddr.js@1.9.1
275 silly packumentCache full:https://registry.npmjs.org/ipaddr.js cache-miss
276 silly fetch manifest is-promise@^4.0.0
277 silly packumentCache full:https://registry.npmjs.org/is-promise cache-miss
278 silly fetch manifest path-to-regexp@^8.0.0
279 silly packumentCache full:https://registry.npmjs.org/path-to-regexp cache-miss
280 http fetch GET 200 https://registry.npmjs.org/wrappy 223ms (cache miss)
281 silly packumentCache full:https://registry.npmjs.org/wrappy set size:undefined disposed:false
282 silly fetch manifest statuses@^2.0.2
283 silly packumentCache full:https://registry.npmjs.org/statuses cache-hit
284 http fetch GET 200 https://registry.npmjs.org/mime-db 237ms (cache miss)
285 silly packumentCache full:https://registry.npmjs.org/mime-db set size:undefined disposed:false
286 http fetch GET 200 https://registry.npmjs.org/forwarded 249ms (cache miss)
287 silly packumentCache full:https://registry.npmjs.org/forwarded set size:undefined disposed:false
288 http fetch GET 200 https://registry.npmjs.org/negotiator 264ms (cache miss)
289 silly packumentCache full:https://registry.npmjs.org/negotiator set size:undefined disposed:false
290 http fetch GET 200 https://registry.npmjs.org/path-to-regexp 257ms (cache miss)
291 silly packumentCache full:https://registry.npmjs.org/path-to-regexp set size:undefined disposed:false
292 http fetch GET 200 https://registry.npmjs.org/ipaddr.js 275ms (cache miss)
293 silly packumentCache full:https://registry.npmjs.org/ipaddr.js set size:undefined disposed:false
294 http fetch GET 200 https://registry.npmjs.org/is-promise 279ms (cache miss)
295 silly packumentCache full:https://registry.npmjs.org/is-promise set size:undefined disposed:false
296 silly placeDep ROOT negotiator@1.0.0 OK for: accepts@2.0.0 want: ^1.0.0
297 silly placeDep ROOT asynckit@0.4.0 OK for: form-data@4.0.5 want: ^0.4.0
298 silly placeDep ROOT combined-stream@1.0.8 OK for: form-data@4.0.5 want: ^1.0.8
299 silly placeDep ROOT es-set-tostringtag@2.1.0 OK for: form-data@4.0.5 want: ^2.1.0
300 silly placeDep ROOT hasown@2.0.2 OK for: form-data@4.0.5 want: ^2.0.2
301 silly placeDep node_modules/form-data mime-types@2.1.35 OK for: form-data@4.0.5 want: ^2.1.12
302 silly fetch manifest delayed-stream@~1.0.0
303 silly packumentCache full:https://registry.npmjs.org/delayed-stream cache-miss
304 silly fetch manifest es-errors@^1.3.0
305 silly packumentCache full:https://registry.npmjs.org/es-errors cache-miss
306 silly fetch manifest get-intrinsic@^1.2.6
307 silly packumentCache full:https://registry.npmjs.org/get-intrinsic cache-miss
308 silly fetch manifest has-tostringtag@^1.0.2
309 silly packumentCache full:https://registry.npmjs.org/has-tostringtag cache-miss
310 silly fetch manifest function-bind@^1.1.2
311 silly packumentCache full:https://registry.npmjs.org/function-bind cache-miss
312 silly fetch manifest mime-db@1.52.0
313 silly packumentCache full:https://registry.npmjs.org/mime-db cache-miss
314 http cache https://registry.npmjs.org/mime-db 35ms (cache hit)
315 silly packumentCache full:https://registry.npmjs.org/mime-db set size:164953 disposed:false
316 http fetch GET 200 https://registry.npmjs.org/function-bind 237ms (cache miss)
317 silly packumentCache full:https://registry.npmjs.org/function-bind set size:undefined disposed:false
318 http fetch GET 200 https://registry.npmjs.org/es-errors 247ms (cache miss)
319 silly packumentCache full:https://registry.npmjs.org/es-errors set size:undefined disposed:false
320 http fetch GET 200 https://registry.npmjs.org/has-tostringtag 252ms (cache miss)
321 silly packumentCache full:https://registry.npmjs.org/has-tostringtag set size:undefined disposed:false
322 http fetch GET 200 https://registry.npmjs.org/get-intrinsic 258ms (cache miss)
323 silly packumentCache full:https://registry.npmjs.org/get-intrinsic set size:undefined disposed:false
324 http fetch GET 200 https://registry.npmjs.org/delayed-stream 267ms (cache miss)
325 silly packumentCache full:https://registry.npmjs.org/delayed-stream set size:undefined disposed:false
326 silly placeDep ROOT delayed-stream@1.0.0 OK for: combined-stream@1.0.8 want: ~1.0.0
327 silly placeDep ROOT es-errors@1.3.0 OK for: es-set-tostringtag@2.1.0 want: ^1.3.0
328 silly placeDep ROOT get-intrinsic@1.3.0 OK for: es-set-tostringtag@2.1.0 want: ^1.2.6
329 silly placeDep ROOT has-tostringtag@1.0.2 OK for: es-set-tostringtag@2.1.0 want: ^1.0.2
330 silly fetch manifest gopd@^1.2.0
331 silly packumentCache full:https://registry.npmjs.org/gopd cache-miss
332 silly fetch manifest get-proto@^1.0.1
333 silly packumentCache full:https://registry.npmjs.org/get-proto cache-miss
334 silly fetch manifest has-symbols@^1.1.0
335 silly packumentCache full:https://registry.npmjs.org/has-symbols cache-miss
336 silly fetch manifest es-object-atoms@^1.1.1
337 silly packumentCache full:https://registry.npmjs.org/es-object-atoms cache-miss
338 silly fetch manifest math-intrinsics@^1.1.0
339 silly packumentCache full:https://registry.npmjs.org/math-intrinsics cache-miss
340 silly fetch manifest es-define-property@^1.0.1
341 silly packumentCache full:https://registry.npmjs.org/es-define-property cache-miss
342 silly fetch manifest call-bind-apply-helpers@^1.0.2
343 silly packumentCache full:https://registry.npmjs.org/call-bind-apply-helpers cache-miss
344 http fetch GET 200 https://registry.npmjs.org/es-object-atoms 169ms (cache miss)
345 silly packumentCache full:https://registry.npmjs.org/es-object-atoms set size:undefined disposed:false
346 silly fetch manifest has-symbols@^1.0.3
347 silly packumentCache full:https://registry.npmjs.org/has-symbols cache-miss
348 http fetch GET 200 https://registry.npmjs.org/es-define-property 177ms (cache miss)
349 silly packumentCache full:https://registry.npmjs.org/es-define-property set size:undefined disposed:false
350 http fetch GET 200 https://registry.npmjs.org/get-proto 234ms (cache miss)
351 silly packumentCache full:https://registry.npmjs.org/get-proto set size:undefined disposed:false
352 http fetch GET 200 https://registry.npmjs.org/gopd 244ms (cache miss)
353 silly packumentCache full:https://registry.npmjs.org/gopd set size:undefined disposed:false
354 http fetch GET 200 https://registry.npmjs.org/has-symbols 247ms (cache miss)
355 silly packumentCache full:https://registry.npmjs.org/has-symbols set size:undefined disposed:false
356 http fetch GET 200 https://registry.npmjs.org/math-intrinsics 255ms (cache miss)
357 silly packumentCache full:https://registry.npmjs.org/math-intrinsics set size:undefined disposed:false
358 http fetch GET 200 https://registry.npmjs.org/call-bind-apply-helpers 253ms (cache miss)
359 silly packumentCache full:https://registry.npmjs.org/call-bind-apply-helpers set size:undefined disposed:false
360 http fetch GET 200 https://registry.npmjs.org/has-symbols 199ms (cache miss)
361 silly packumentCache full:https://registry.npmjs.org/has-symbols set size:undefined disposed:false
362 silly placeDep ROOT call-bind-apply-helpers@1.0.2 OK for: get-intrinsic@1.3.0 want: ^1.0.2
363 silly placeDep ROOT es-define-property@1.0.1 OK for: get-intrinsic@1.3.0 want: ^1.0.1
364 silly placeDep ROOT es-object-atoms@1.1.1 OK for: get-intrinsic@1.3.0 want: ^1.1.1
365 silly placeDep ROOT function-bind@1.1.2 OK for: get-intrinsic@1.3.0 want: ^1.1.2
366 silly placeDep ROOT get-proto@1.0.1 OK for: get-intrinsic@1.3.0 want: ^1.0.1
367 silly placeDep ROOT gopd@1.2.0 OK for: get-intrinsic@1.3.0 want: ^1.2.0
368 silly placeDep ROOT has-symbols@1.1.0 OK for: get-intrinsic@1.3.0 want: ^1.1.0
369 silly placeDep ROOT math-intrinsics@1.1.0 OK for: get-intrinsic@1.3.0 want: ^1.1.0
370 silly fetch manifest dunder-proto@^1.0.1
371 silly packumentCache full:https://registry.npmjs.org/dunder-proto cache-miss
372 http fetch GET 200 https://registry.npmjs.org/dunder-proto 217ms (cache miss)
373 silly packumentCache full:https://registry.npmjs.org/dunder-proto set size:undefined disposed:false
374 silly placeDep ROOT dunder-proto@1.0.1 OK for: get-proto@1.0.1 want: ^1.0.1
375 silly placeDep ROOT inherits@2.0.4 OK for: http-errors@2.0.1 want: ~2.0.4
376 silly placeDep ROOT setprototypeof@1.2.0 OK for: http-errors@2.0.1 want: ~1.2.0
377 silly placeDep ROOT toidentifier@1.0.1 OK for: http-errors@2.0.1 want: ~1.0.1
378 silly placeDep ROOT safer-buffer@2.1.2 OK for: iconv-lite@0.7.2 want: >= 2.1.2 < 3.0.0
379 silly placeDep ROOT mime-db@1.54.0 OK for: mime-types@3.0.2 want: ^1.54.0
380 silly placeDep ROOT ee-first@1.1.1 OK for: on-finished@2.4.1 want: 1.1.1
381 silly placeDep ROOT wrappy@1.0.2 OK for: once@1.4.0 want: 1
382 silly placeDep ROOT forwarded@0.2.0 OK for: proxy-addr@2.0.7 want: 0.2.0
383 silly placeDep ROOT ipaddr.js@1.9.1 OK for: proxy-addr@2.0.7 want: 1.9.1
384 silly placeDep ROOT side-channel@1.1.0 OK for: qs@6.15.0 want: ^1.1.0
385 silly fetch manifest object-inspect@^1.13.3
386 silly packumentCache full:https://registry.npmjs.org/object-inspect cache-miss
387 silly fetch manifest side-channel-list@^1.0.0
388 silly packumentCache full:https://registry.npmjs.org/side-channel-list cache-miss
389 silly fetch manifest side-channel-map@^1.0.1
390 silly packumentCache full:https://registry.npmjs.org/side-channel-map cache-miss
391 silly fetch manifest side-channel-weakmap@^1.0.2
392 silly packumentCache full:https://registry.npmjs.org/side-channel-weakmap cache-miss
393 http fetch GET 200 https://registry.npmjs.org/side-channel-weakmap 159ms (cache miss)
394 silly packumentCache full:https://registry.npmjs.org/side-channel-weakmap set size:undefined disposed:false
395 http fetch GET 200 https://registry.npmjs.org/object-inspect 234ms (cache miss)
396 silly packumentCache full:https://registry.npmjs.org/object-inspect set size:undefined disposed:false
397 http fetch GET 200 https://registry.npmjs.org/side-channel-list 250ms (cache miss)
398 silly packumentCache full:https://registry.npmjs.org/side-channel-list set size:undefined disposed:false
399 http fetch GET 200 https://registry.npmjs.org/side-channel-map 385ms (cache miss)
400 silly packumentCache full:https://registry.npmjs.org/side-channel-map set size:undefined disposed:false
401 silly placeDep ROOT unpipe@1.0.0 OK for: raw-body@3.0.2 want: ~1.0.0
402 silly placeDep ROOT is-promise@4.0.0 OK for: router@2.2.0 want: ^4.0.0
403 silly placeDep ROOT path-to-regexp@8.4.2 OK for: router@2.2.0 want: ^8.0.0
404 silly placeDep ROOT object-inspect@1.13.4 OK for: side-channel@1.1.0 want: ^1.13.3
405 silly placeDep ROOT side-channel-list@1.0.0 OK for: side-channel@1.1.0 want: ^1.0.0
406 silly placeDep ROOT side-channel-map@1.0.1 OK for: side-channel@1.1.0 want: ^1.0.1
407 silly placeDep ROOT side-channel-weakmap@1.0.2 OK for: side-channel@1.1.0 want: ^1.0.2
408 silly fetch manifest call-bound@^1.0.2
409 silly packumentCache full:https://registry.npmjs.org/call-bound cache-miss
410 silly fetch manifest call-bound@^1.0.2
411 silly packumentCache full:https://registry.npmjs.org/call-bound cache-miss
412 http fetch GET 200 https://registry.npmjs.org/call-bound 131ms (cache miss)
413 silly packumentCache full:https://registry.npmjs.org/call-bound set size:undefined disposed:false
414 http fetch GET 200 https://registry.npmjs.org/call-bound 147ms (cache miss)
415 silly packumentCache full:https://registry.npmjs.org/call-bound set size:undefined disposed:false
416 silly placeDep ROOT call-bound@1.0.4 OK for: side-channel-map@1.0.1 want: ^1.0.2
417 silly placeDep ROOT media-typer@1.1.0 OK for: type-is@2.0.1 want: ^1.1.0
418 silly placeDep node_modules/form-data mime-db@1.52.0 OK for: mime-types@2.1.35 want: 1.52.0
419 silly reify moves {}
420 http cache media-typer@https://registry.npmjs.org/media-typer/-/media-typer-1.1.0.tgz 0ms (cache hit)
421 http cache call-bound@https://registry.npmjs.org/call-bound/-/call-bound-1.0.4.tgz 0ms (cache hit)
422 http cache side-channel-weakmap@https://registry.npmjs.org/side-channel-weakmap/-/side-channel-weakmap-1.0.2.tgz 0ms (cache hit)
423 http cache side-channel-map@https://registry.npmjs.org/side-channel-map/-/side-channel-map-1.0.1.tgz 0ms (cache hit)
424 http cache side-channel-list@https://registry.npmjs.org/side-channel-list/-/side-channel-list-1.0.0.tgz 0ms (cache hit)
425 http cache object-inspect@https://registry.npmjs.org/object-inspect/-/object-inspect-1.13.4.tgz 0ms (cache hit)
426 http cache is-promise@https://registry.npmjs.org/is-promise/-/is-promise-4.0.0.tgz 0ms (cache hit)
427 http cache path-to-regexp@https://registry.npmjs.org/path-to-regexp/-/path-to-regexp-8.4.2.tgz 0ms (cache hit)
428 http cache unpipe@https://registry.npmjs.org/unpipe/-/unpipe-1.0.0.tgz 0ms (cache hit)
429 http cache side-channel@https://registry.npmjs.org/side-channel/-/side-channel-1.1.0.tgz 0ms (cache hit)
430 http cache ipaddr.js@https://registry.npmjs.org/ipaddr.js/-/ipaddr.js-1.9.1.tgz 0ms (cache hit)
431 http cache forwarded@https://registry.npmjs.org/forwarded/-/forwarded-0.2.0.tgz 0ms (cache hit)
432 http cache wrappy@https://registry.npmjs.org/wrappy/-/wrappy-1.0.2.tgz 0ms (cache hit)
433 http cache ee-first@https://registry.npmjs.org/ee-first/-/ee-first-1.1.1.tgz 1ms (cache hit)
434 http cache mime-db@https://registry.npmjs.org/mime-db/-/mime-db-1.54.0.tgz 0ms (cache hit)
435 http cache safer-buffer@https://registry.npmjs.org/safer-buffer/-/safer-buffer-2.1.2.tgz 0ms (cache hit)
436 http cache toidentifier@https://registry.npmjs.org/toidentifier/-/toidentifier-1.0.1.tgz 0ms (cache hit)
437 http cache setprototypeof@https://registry.npmjs.org/setprototypeof/-/setprototypeof-1.2.0.tgz 0ms (cache hit)
438 http cache inherits@https://registry.npmjs.org/inherits/-/inherits-2.0.4.tgz 0ms (cache hit)
439 http cache dunder-proto@https://registry.npmjs.org/dunder-proto/-/dunder-proto-1.0.1.tgz 0ms (cache hit)
440 http cache math-intrinsics@https://registry.npmjs.org/math-intrinsics/-/math-intrinsics-1.1.0.tgz 0ms (cache hit)
441 http cache has-symbols@https://registry.npmjs.org/has-symbols/-/has-symbols-1.1.0.tgz 0ms (cache hit)
442 http cache function-bind@https://registry.npmjs.org/function-bind/-/function-bind-1.1.2.tgz 0ms (cache hit)
443 http cache es-object-atoms@https://registry.npmjs.org/es-object-atoms/-/es-object-atoms-1.1.1.tgz 0ms (cache hit)
444 http cache get-proto@https://registry.npmjs.org/get-proto/-/get-proto-1.0.1.tgz 1ms (cache hit)
445 http cache es-define-property@https://registry.npmjs.org/es-define-property/-/es-define-property-1.0.1.tgz 0ms (cache hit)
446 http cache call-bind-apply-helpers@https://registry.npmjs.org/call-bind-apply-helpers/-/call-bind-apply-helpers-1.0.2.tgz 0ms (cache hit)
447 http cache gopd@https://registry.npmjs.org/gopd/-/gopd-1.2.0.tgz 0ms (cache hit)
448 http cache has-tostringtag@https://registry.npmjs.org/has-tostringtag/-/has-tostringtag-1.0.2.tgz 0ms (cache hit)
449 http cache get-intrinsic@https://registry.npmjs.org/get-intrinsic/-/get-intrinsic-1.3.0.tgz 0ms (cache hit)
450 http cache es-errors@https://registry.npmjs.org/es-errors/-/es-errors-1.3.0.tgz 0ms (cache hit)
451 http cache es-set-tostringtag@https://registry.npmjs.org/es-set-tostringtag/-/es-set-tostringtag-2.1.0.tgz 0ms (cache hit)
452 http cache hasown@https://registry.npmjs.org/hasown/-/hasown-2.0.2.tgz 1ms (cache hit)
453 http cache delayed-stream@https://registry.npmjs.org/delayed-stream/-/delayed-stream-1.0.0.tgz 0ms (cache hit)
454 http cache combined-stream@https://registry.npmjs.org/combined-stream/-/combined-stream-1.0.8.tgz 1ms (cache hit)
455 http cache asynckit@https://registry.npmjs.org/asynckit/-/asynckit-0.4.0.tgz 0ms (cache hit)
456 http cache negotiator@https://registry.npmjs.org/negotiator/-/negotiator-1.0.0.tgz 0ms (cache hit)
457 http cache vary@https://registry.npmjs.org/vary/-/vary-1.1.2.tgz 1ms (cache hit)
458 http cache statuses@https://registry.npmjs.org/statuses/-/statuses-2.0.2.tgz 0ms (cache hit)
459 http cache serve-static@https://registry.npmjs.org/serve-static/-/serve-static-2.2.1.tgz 0ms (cache hit)
460 http cache send@https://registry.npmjs.org/send/-/send-1.2.1.tgz 1ms (cache hit)
461 http cache router@https://registry.npmjs.org/router/-/router-2.2.0.tgz 0ms (cache hit)
462 http cache range-parser@https://registry.npmjs.org/range-parser/-/range-parser-1.2.1.tgz 0ms (cache hit)
463 http cache proxy-addr@https://registry.npmjs.org/proxy-addr/-/proxy-addr-2.0.7.tgz 0ms (cache hit)
464 http cache parseurl@https://registry.npmjs.org/parseurl/-/parseurl-1.3.3.tgz 0ms (cache hit)
465 http cache once@https://registry.npmjs.org/once/-/once-1.4.0.tgz 0ms (cache hit)
466 http cache mime-types@https://registry.npmjs.org/mime-types/-/mime-types-3.0.2.tgz 0ms (cache hit)
467 http cache merge-descriptors@https://registry.npmjs.org/merge-descriptors/-/merge-descriptors-2.0.0.tgz 0ms (cache hit)
468 http cache fresh@https://registry.npmjs.org/fresh/-/fresh-2.0.0.tgz 0ms (cache hit)
469 http cache finalhandler@https://registry.npmjs.org/finalhandler/-/finalhandler-2.1.1.tgz 0ms (cache hit)
470 http cache etag@https://registry.npmjs.org/etag/-/etag-1.8.1.tgz 0ms (cache hit)
471 http cache escape-html@https://registry.npmjs.org/escape-html/-/escape-html-1.0.3.tgz 0ms (cache hit)
472 http cache depd@https://registry.npmjs.org/depd/-/depd-2.0.0.tgz 0ms (cache hit)
473 http cache encodeurl@https://registry.npmjs.org/encodeurl/-/encodeurl-2.0.0.tgz 0ms (cache hit)
474 http cache cookie-signature@https://registry.npmjs.org/cookie-signature/-/cookie-signature-1.2.2.tgz 0ms (cache hit)
475 http cache cookie@https://registry.npmjs.org/cookie/-/cookie-0.7.2.tgz 0ms (cache hit)
476 http cache accepts@https://registry.npmjs.org/accepts/-/accepts-2.0.0.tgz 0ms (cache hit)
477 http cache content-disposition@https://registry.npmjs.org/content-disposition/-/content-disposition-1.0.1.tgz 0ms (cache hit)
478 http cache ms@https://registry.npmjs.org/ms/-/ms-2.1.3.tgz 0ms (cache hit)
479 http cache type-is@https://registry.npmjs.org/type-is/-/type-is-2.0.1.tgz 0ms (cache hit)
480 http cache qs@https://registry.npmjs.org/qs/-/qs-6.15.0.tgz 0ms (cache hit)
481 http cache raw-body@https://registry.npmjs.org/raw-body/-/raw-body-3.0.2.tgz 0ms (cache hit)
482 http cache on-finished@https://registry.npmjs.org/on-finished/-/on-finished-2.4.1.tgz 0ms (cache hit)
483 http cache iconv-lite@https://registry.npmjs.org/iconv-lite/-/iconv-lite-0.7.2.tgz 0ms (cache hit)
484 http cache http-errors@https://registry.npmjs.org/http-errors/-/http-errors-2.0.1.tgz 0ms (cache hit)
485 http cache debug@https://registry.npmjs.org/debug/-/debug-4.4.3.tgz 0ms (cache hit)
486 http cache content-type@https://registry.npmjs.org/content-type/-/content-type-1.0.5.tgz 0ms (cache hit)
487 http cache bytes@https://registry.npmjs.org/bytes/-/bytes-3.1.2.tgz 1ms (cache hit)
488 http cache form-data@https://registry.npmjs.org/form-data/-/form-data-4.0.5.tgz 0ms (cache hit)
489 http cache proxy-from-env@https://registry.npmjs.org/proxy-from-env/-/proxy-from-env-2.1.0.tgz 0ms (cache hit)
490 http cache follow-redirects@https://registry.npmjs.org/follow-redirects/-/follow-redirects-1.15.11.tgz 1ms (cache hit)
491 http cache express@https://registry.npmjs.org/express/-/express-5.2.1.tgz 0ms (cache hit)
492 http cache body-parser@https://registry.npmjs.org/body-parser/-/body-parser-2.2.2.tgz 0ms (cache hit)
493 http cache axios@https://registry.npmjs.org/axios/-/axios-1.14.0.tgz 0ms (cache hit)
494 http cache mime-types@https://registry.npmjs.org/mime-types/-/mime-types-2.1.35.tgz 0ms (cache hit)
495 http cache mime-db@https://registry.npmjs.org/mime-db/-/mime-db-1.52.0.tgz 0ms (cache hit)
496 silly tarball no local data for media-typer@https://registry.npmjs.org/media-typer/-/media-typer-1.1.0.tgz. Extracting by manifest.
497 silly tarball no local data for call-bound@https://registry.npmjs.org/call-bound/-/call-bound-1.0.4.tgz. Extracting by manifest.
498 silly tarball no local data for side-channel-weakmap@https://registry.npmjs.org/side-channel-weakmap/-/side-channel-weakmap-1.0.2.tgz. Extracting by manifest.
499 silly tarball no local data for side-channel-map@https://registry.npmjs.org/side-channel-map/-/side-channel-map-1.0.1.tgz. Extracting by manifest.
500 silly tarball no local data for side-channel-list@https://registry.npmjs.org/side-channel-list/-/side-channel-list-1.0.0.tgz. Extracting by manifest.
501 silly tarball no local data for object-inspect@https://registry.npmjs.org/object-inspect/-/object-inspect-1.13.4.tgz. Extracting by manifest.
502 silly tarball no local data for is-promise@https://registry.npmjs.org/is-promise/-/is-promise-4.0.0.tgz. Extracting by manifest.
503 silly tarball no local data for path-to-regexp@https://registry.npmjs.org/path-to-regexp/-/path-to-regexp-8.4.2.tgz. Extracting by manifest.
504 silly tarball no local data for unpipe@https://registry.npmjs.org/unpipe/-/unpipe-1.0.0.tgz. Extracting by manifest.
505 silly tarball no local data for side-channel@https://registry.npmjs.org/side-channel/-/side-channel-1.1.0.tgz. Extracting by manifest.
506 silly tarball no local data for ipaddr.js@https://registry.npmjs.org/ipaddr.js/-/ipaddr.js-1.9.1.tgz. Extracting by manifest.
507 silly tarball no local data for forwarded@https://registry.npmjs.org/forwarded/-/forwarded-0.2.0.tgz. Extracting by manifest.
508 silly tarball no local data for wrappy@https://registry.npmjs.org/wrappy/-/wrappy-1.0.2.tgz. Extracting by manifest.
509 silly tarball no local data for ee-first@https://registry.npmjs.org/ee-first/-/ee-first-1.1.1.tgz. Extracting by manifest.
510 silly tarball no local data for mime-db@https://registry.npmjs.org/mime-db/-/mime-db-1.54.0.tgz. Extracting by manifest.
511 silly tarball no local data for safer-buffer@https://registry.npmjs.org/safer-buffer/-/safer-buffer-2.1.2.tgz. Extracting by manifest.
512 silly tarball no local data for toidentifier@https://registry.npmjs.org/toidentifier/-/toidentifier-1.0.1.tgz. Extracting by manifest.
513 silly tarball no local data for setprototypeof@https://registry.npmjs.org/setprototypeof/-/setprototypeof-1.2.0.tgz. Extracting by manifest.
514 silly tarball no local data for inherits@https://registry.npmjs.org/inherits/-/inherits-2.0.4.tgz. Extracting by manifest.
515 silly tarball no local data for dunder-proto@https://registry.npmjs.org/dunder-proto/-/dunder-proto-1.0.1.tgz. Extracting by manifest.
516 silly tarball no local data for math-intrinsics@https://registry.npmjs.org/math-intrinsics/-/math-intrinsics-1.1.0.tgz. Extracting by manifest.
517 silly tarball no local data for has-symbols@https://registry.npmjs.org/has-symbols/-/has-symbols-1.1.0.tgz. Extracting by manifest.
518 silly tarball no local data for function-bind@https://registry.npmjs.org/function-bind/-/function-bind-1.1.2.tgz. Extracting by manifest.
519 silly tarball no local data for es-object-atoms@https://registry.npmjs.org/es-object-atoms/-/es-object-atoms-1.1.1.tgz. Extracting by manifest.
520 silly tarball no local data for get-proto@https://registry.npmjs.org/get-proto/-/get-proto-1.0.1.tgz. Extracting by manifest.
521 silly tarball no local data for es-define-property@https://registry.npmjs.org/es-define-property/-/es-define-property-1.0.1.tgz. Extracting by manifest.
522 silly tarball no local data for call-bind-apply-helpers@https://registry.npmjs.org/call-bind-apply-helpers/-/call-bind-apply-helpers-1.0.2.tgz. Extracting by manifest.
523 silly tarball no local data for gopd@https://registry.npmjs.org/gopd/-/gopd-1.2.0.tgz. Extracting by manifest.
524 silly tarball no local data for has-tostringtag@https://registry.npmjs.org/has-tostringtag/-/has-tostringtag-1.0.2.tgz. Extracting by manifest.
525 silly tarball no local data for get-intrinsic@https://registry.npmjs.org/get-intrinsic/-/get-intrinsic-1.3.0.tgz. Extracting by manifest.
526 silly tarball no local data for es-errors@https://registry.npmjs.org/es-errors/-/es-errors-1.3.0.tgz. Extracting by manifest.
527 silly tarball no local data for es-set-tostringtag@https://registry.npmjs.org/es-set-tostringtag/-/es-set-tostringtag-2.1.0.tgz. Extracting by manifest.
528 silly tarball no local data for hasown@https://registry.npmjs.org/hasown/-/hasown-2.0.2.tgz. Extracting by manifest.
529 silly tarball no local data for delayed-stream@https://registry.npmjs.org/delayed-stream/-/delayed-stream-1.0.0.tgz. Extracting by manifest.
530 silly tarball no local data for combined-stream@https://registry.npmjs.org/combined-stream/-/combined-stream-1.0.8.tgz. Extracting by manifest.
531 silly tarball no local data for asynckit@https://registry.npmjs.org/asynckit/-/asynckit-0.4.0.tgz. Extracting by manifest.
532 silly tarball no local data for negotiator@https://registry.npmjs.org/negotiator/-/negotiator-1.0.0.tgz. Extracting by manifest.
533 silly tarball no local data for vary@https://registry.npmjs.org/vary/-/vary-1.1.2.tgz. Extracting by manifest.
534 silly tarball no local data for statuses@https://registry.npmjs.org/statuses/-/statuses-2.0.2.tgz. Extracting by manifest.
535 silly tarball no local data for serve-static@https://registry.npmjs.org/serve-static/-/serve-static-2.2.1.tgz. Extracting by manifest.
536 silly tarball no local data for send@https://registry.npmjs.org/send/-/send-1.2.1.tgz. Extracting by manifest.
537 silly tarball no local data for router@https://registry.npmjs.org/router/-/router-2.2.0.tgz. Extracting by manifest.
538 silly tarball no local data for range-parser@https://registry.npmjs.org/range-parser/-/range-parser-1.2.1.tgz. Extracting by manifest.
539 silly tarball no local data for proxy-addr@https://registry.npmjs.org/proxy-addr/-/proxy-addr-2.0.7.tgz. Extracting by manifest.
540 silly tarball no local data for parseurl@https://registry.npmjs.org/parseurl/-/parseurl-1.3.3.tgz. Extracting by manifest.
541 silly tarball no local data for once@https://registry.npmjs.org/once/-/once-1.4.0.tgz. Extracting by manifest.
542 silly tarball no local data for mime-types@https://registry.npmjs.org/mime-types/-/mime-types-3.0.2.tgz. Extracting by manifest.
543 silly tarball no local data for merge-descriptors@https://registry.npmjs.org/merge-descriptors/-/merge-descriptors-2.0.0.tgz. Extracting by manifest.
544 silly tarball no local data for fresh@https://registry.npmjs.org/fresh/-/fresh-2.0.0.tgz. Extracting by manifest.
545 silly tarball no local data for finalhandler@https://registry.npmjs.org/finalhandler/-/finalhandler-2.1.1.tgz. Extracting by manifest.
546 silly tarball no local data for etag@https://registry.npmjs.org/etag/-/etag-1.8.1.tgz. Extracting by manifest.
547 silly tarball no local data for escape-html@https://registry.npmjs.org/escape-html/-/escape-html-1.0.3.tgz. Extracting by manifest.
548 silly tarball no local data for depd@https://registry.npmjs.org/depd/-/depd-2.0.0.tgz. Extracting by manifest.
549 silly tarball no local data for encodeurl@https://registry.npmjs.org/encodeurl/-/encodeurl-2.0.0.tgz. Extracting by manifest.
550 silly tarball no local data for cookie-signature@https://registry.npmjs.org/cookie-signature/-/cookie-signature-1.2.2.tgz. Extracting by manifest.
551 silly tarball no local data for cookie@https://registry.npmjs.org/cookie/-/cookie-0.7.2.tgz. Extracting by manifest.
552 silly tarball no local data for accepts@https://registry.npmjs.org/accepts/-/accepts-2.0.0.tgz. Extracting by manifest.
553 silly tarball no local data for content-disposition@https://registry.npmjs.org/content-disposition/-/content-disposition-1.0.1.tgz. Extracting by manifest.
554 silly tarball no local data for ms@https://registry.npmjs.org/ms/-/ms-2.1.3.tgz. Extracting by manifest.
555 silly tarball no local data for type-is@https://registry.npmjs.org/type-is/-/type-is-2.0.1.tgz. Extracting by manifest.
556 silly tarball no local data for qs@https://registry.npmjs.org/qs/-/qs-6.15.0.tgz. Extracting by manifest.
557 silly tarball no local data for raw-body@https://registry.npmjs.org/raw-body/-/raw-body-3.0.2.tgz. Extracting by manifest.
558 silly tarball no local data for on-finished@https://registry.npmjs.org/on-finished/-/on-finished-2.4.1.tgz. Extracting by manifest.
559 silly tarball no local data for iconv-lite@https://registry.npmjs.org/iconv-lite/-/iconv-lite-0.7.2.tgz. Extracting by manifest.
560 silly tarball no local data for http-errors@https://registry.npmjs.org/http-errors/-/http-errors-2.0.1.tgz. Extracting by manifest.
561 silly tarball no local data for debug@https://registry.npmjs.org/debug/-/debug-4.4.3.tgz. Extracting by manifest.
562 silly tarball no local data for content-type@https://registry.npmjs.org/content-type/-/content-type-1.0.5.tgz. Extracting by manifest.
563 silly tarball no local data for bytes@https://registry.npmjs.org/bytes/-/bytes-3.1.2.tgz. Extracting by manifest.
564 silly tarball no local data for form-data@https://registry.npmjs.org/form-data/-/form-data-4.0.5.tgz. Extracting by manifest.
565 silly tarball no local data for proxy-from-env@https://registry.npmjs.org/proxy-from-env/-/proxy-from-env-2.1.0.tgz. Extracting by manifest.
566 silly tarball no local data for follow-redirects@https://registry.npmjs.org/follow-redirects/-/follow-redirects-1.15.11.tgz. Extracting by manifest.
567 silly tarball no local data for express@https://registry.npmjs.org/express/-/express-5.2.1.tgz. Extracting by manifest.
568 silly tarball no local data for body-parser@https://registry.npmjs.org/body-parser/-/body-parser-2.2.2.tgz. Extracting by manifest.
569 silly tarball no local data for axios@https://registry.npmjs.org/axios/-/axios-1.14.0.tgz. Extracting by manifest.
570 silly tarball no local data for mime-types@https://registry.npmjs.org/mime-types/-/mime-types-2.1.35.tgz. Extracting by manifest.
571 silly tarball no local data for mime-db@https://registry.npmjs.org/mime-db/-/mime-db-1.52.0.tgz. Extracting by manifest.
572 http fetch GET 200 https://registry.npmjs.org/side-channel-weakmap/-/side-channel-weakmap-1.0.2.tgz 890ms (cache miss)
573 http fetch GET 200 https://registry.npmjs.org/media-typer/-/media-typer-1.1.0.tgz 901ms (cache miss)
574 http fetch GET 200 https://registry.npmjs.org/is-promise/-/is-promise-4.0.0.tgz 919ms (cache miss)
575 http fetch GET 200 https://registry.npmjs.org/side-channel-list/-/side-channel-list-1.0.0.tgz 929ms (cache miss)
576 http fetch GET 200 https://registry.npmjs.org/side-channel-map/-/side-channel-map-1.0.1.tgz 973ms (cache miss)
577 http fetch GET 200 https://registry.npmjs.org/call-bound/-/call-bound-1.0.4.tgz 1033ms (cache miss)
578 http fetch GET 200 https://registry.npmjs.org/math-intrinsics/-/math-intrinsics-1.1.0.tgz 1111ms (cache miss)
579 http fetch GET 200 https://registry.npmjs.org/toidentifier/-/toidentifier-1.0.1.tgz 1125ms (cache miss)
580 http fetch GET 200 https://registry.npmjs.org/setprototypeof/-/setprototypeof-1.2.0.tgz 1180ms (cache miss)
581 http fetch GET 200 https://registry.npmjs.org/inherits/-/inherits-2.0.4.tgz 1281ms (cache miss)
582 http fetch GET 200 https://registry.npmjs.org/dunder-proto/-/dunder-proto-1.0.1.tgz 1281ms (cache miss)
583 http fetch GET 200 https://registry.npmjs.org/get-proto/-/get-proto-1.0.1.tgz 1400ms (cache miss)
584 http fetch GET 200 https://registry.npmjs.org/safer-buffer/-/safer-buffer-2.1.2.tgz 1530ms (cache miss)
585 http fetch GET 200 https://registry.npmjs.org/es-object-atoms/-/es-object-atoms-1.1.1.tgz 1514ms (cache miss)
586 http fetch GET 200 https://registry.npmjs.org/es-define-property/-/es-define-property-1.0.1.tgz 1595ms (cache miss)
587 http fetch GET 200 https://registry.npmjs.org/gopd/-/gopd-1.2.0.tgz 1629ms (cache miss)
588 http fetch GET 200 https://registry.npmjs.org/function-bind/-/function-bind-1.1.2.tgz 1644ms (cache miss)
589 http fetch GET 200 https://registry.npmjs.org/get-intrinsic/-/get-intrinsic-1.3.0.tgz 1629ms (cache miss)
590 http fetch GET 200 https://registry.npmjs.org/has-tostringtag/-/has-tostringtag-1.0.2.tgz 1657ms (cache miss)
591 http fetch GET 200 https://registry.npmjs.org/es-set-tostringtag/-/es-set-tostringtag-2.1.0.tgz 1653ms (cache miss)
592 http fetch GET 200 https://registry.npmjs.org/forwarded/-/forwarded-0.2.0.tgz 1709ms (cache miss)
593 http fetch GET 200 https://registry.npmjs.org/hasown/-/hasown-2.0.2.tgz 1681ms (cache miss)
594 http fetch GET 200 https://registry.npmjs.org/delayed-stream/-/delayed-stream-1.0.0.tgz 1712ms (cache miss)
595 http fetch GET 200 https://registry.npmjs.org/negotiator/-/negotiator-1.0.0.tgz 1708ms (cache miss)
596 http fetch GET 200 https://registry.npmjs.org/wrappy/-/wrappy-1.0.2.tgz 1769ms (cache miss)
597 http fetch GET 200 https://registry.npmjs.org/ee-first/-/ee-first-1.1.1.tgz 1791ms (cache miss)
598 http fetch GET 200 https://registry.npmjs.org/combined-stream/-/combined-stream-1.0.8.tgz 1741ms (cache miss)
599 http fetch GET 200 https://registry.npmjs.org/call-bind-apply-helpers/-/call-bind-apply-helpers-1.0.2.tgz 1773ms (cache miss)
600 http fetch GET 200 https://registry.npmjs.org/vary/-/vary-1.1.2.tgz 1752ms (cache miss)
601 http fetch GET 200 https://registry.npmjs.org/send/-/send-1.2.1.tgz 1750ms (cache miss)
602 http fetch GET 200 https://registry.npmjs.org/unpipe/-/unpipe-1.0.0.tgz 1847ms (cache miss)
603 http fetch GET 200 https://registry.npmjs.org/serve-static/-/serve-static-2.2.1.tgz 1773ms (cache miss)
604 http fetch GET 200 https://registry.npmjs.org/cookie/-/cookie-0.7.2.tgz 1737ms (cache miss)
605 http fetch GET 200 https://registry.npmjs.org/statuses/-/statuses-2.0.2.tgz 1791ms (cache miss)
606 http fetch GET 200 https://registry.npmjs.org/range-parser/-/range-parser-1.2.1.tgz 1784ms (cache miss)
607 http fetch GET 200 https://registry.npmjs.org/once/-/once-1.4.0.tgz 1780ms (cache miss)
608 http fetch GET 200 https://registry.npmjs.org/finalhandler/-/finalhandler-2.1.1.tgz 1773ms (cache miss)
609 http fetch GET 200 https://registry.npmjs.org/merge-descriptors/-/merge-descriptors-2.0.0.tgz 1780ms (cache miss)
610 http fetch GET 200 https://registry.npmjs.org/has-symbols/-/has-symbols-1.1.0.tgz 1855ms (cache miss)
611 http fetch GET 200 https://registry.npmjs.org/escape-html/-/escape-html-1.0.3.tgz 1789ms (cache miss)
612 http fetch GET 200 https://registry.npmjs.org/parseurl/-/parseurl-1.3.3.tgz 1808ms (cache miss)
613 http fetch GET 200 https://registry.npmjs.org/cookie-signature/-/cookie-signature-1.2.2.tgz 1785ms (cache miss)
614 http fetch GET 200 https://registry.npmjs.org/encodeurl/-/encodeurl-2.0.0.tgz 1789ms (cache miss)
615 http fetch GET 200 https://registry.npmjs.org/accepts/-/accepts-2.0.0.tgz 1785ms (cache miss)
616 http fetch GET 200 https://registry.npmjs.org/type-is/-/type-is-2.0.1.tgz 1779ms (cache miss)
617 http fetch GET 200 https://registry.npmjs.org/es-errors/-/es-errors-1.3.0.tgz 1858ms (cache miss)
618 http fetch GET 200 https://registry.npmjs.org/fresh/-/fresh-2.0.0.tgz 1820ms (cache miss)
619 http fetch GET 200 https://registry.npmjs.org/mime-types/-/mime-types-3.0.2.tgz 1827ms (cache miss)
620 http fetch GET 200 https://registry.npmjs.org/proxy-addr/-/proxy-addr-2.0.7.tgz 1861ms (cache miss)
621 http fetch GET 200 https://registry.npmjs.org/content-disposition/-/content-disposition-1.0.1.tgz 1828ms (cache miss)
622 http fetch GET 200 https://registry.npmjs.org/content-type/-/content-type-1.0.5.tgz 1811ms (cache miss)
623 http fetch GET 200 https://registry.npmjs.org/side-channel/-/side-channel-1.1.0.tgz 1955ms (cache miss)
624 http fetch GET 200 https://registry.npmjs.org/etag/-/etag-1.8.1.tgz 1857ms (cache miss)
625 http fetch GET 200 https://registry.npmjs.org/raw-body/-/raw-body-3.0.2.tgz 1832ms (cache miss)
626 http fetch GET 200 https://registry.npmjs.org/bytes/-/bytes-3.1.2.tgz 1821ms (cache miss)
627 http fetch GET 200 https://registry.npmjs.org/proxy-from-env/-/proxy-from-env-2.1.0.tgz 1819ms (cache miss)
628 http fetch GET 200 https://registry.npmjs.org/ipaddr.js/-/ipaddr.js-1.9.1.tgz 1966ms (cache miss)
629 http fetch GET 200 https://registry.npmjs.org/ms/-/ms-2.1.3.tgz 1854ms (cache miss)
630 http fetch GET 200 https://registry.npmjs.org/on-finished/-/on-finished-2.4.1.tgz 1860ms (cache miss)
631 http fetch GET 200 https://registry.npmjs.org/mime-types/-/mime-types-2.1.35.tgz 1834ms (cache miss)
632 http fetch GET 200 https://registry.npmjs.org/depd/-/depd-2.0.0.tgz 1893ms (cache miss)
633 http fetch GET 200 https://registry.npmjs.org/http-errors/-/http-errors-2.0.1.tgz 1869ms (cache miss)
634 http fetch GET 200 https://registry.npmjs.org/form-data/-/form-data-4.0.5.tgz 1861ms (cache miss)
635 http fetch GET 200 https://registry.npmjs.org/mime-db/-/mime-db-1.52.0.tgz 1864ms (cache miss)
636 http fetch GET 200 https://registry.npmjs.org/path-to-regexp/-/path-to-regexp-8.4.2.tgz 2039ms (cache miss)
637 http fetch GET 200 https://registry.npmjs.org/express/-/express-5.2.1.tgz 1897ms (cache miss)
638 http fetch GET 200 https://registry.npmjs.org/mime-db/-/mime-db-1.54.0.tgz 2046ms (cache miss)
639 http fetch GET 200 https://registry.npmjs.org/follow-redirects/-/follow-redirects-1.15.11.tgz 1913ms (cache miss)
640 http fetch GET 200 https://registry.npmjs.org/asynckit/-/asynckit-0.4.0.tgz 2000ms (cache miss)
641 http fetch GET 200 https://registry.npmjs.org/router/-/router-2.2.0.tgz 1990ms (cache miss)
642 http fetch GET 200 https://registry.npmjs.org/debug/-/debug-4.4.3.tgz 1948ms (cache miss)
643 http fetch GET 200 https://registry.npmjs.org/body-parser/-/body-parser-2.2.2.tgz 1957ms (cache miss)
644 http fetch GET 200 https://registry.npmjs.org/object-inspect/-/object-inspect-1.13.4.tgz 2133ms (cache miss)
645 http fetch GET 200 https://registry.npmjs.org/qs/-/qs-6.15.0.tgz 2007ms (cache miss)
646 http fetch GET 200 https://registry.npmjs.org/iconv-lite/-/iconv-lite-0.7.2.tgz 2100ms (cache miss)
647 http fetch GET 200 https://registry.npmjs.org/axios/-/axios-1.14.0.tgz 2278ms (cache miss)
648 silly ADD node_modules/media-typer
649 silly ADD node_modules/call-bound
650 silly ADD node_modules/side-channel-weakmap
651 silly ADD node_modules/side-channel-map
652 silly ADD node_modules/side-channel-list
653 silly ADD node_modules/object-inspect
654 silly ADD node_modules/path-to-regexp
655 silly ADD node_modules/is-promise
656 silly ADD node_modules/unpipe
657 silly ADD node_modules/side-channel
658 silly ADD node_modules/ipaddr.js
659 silly ADD node_modules/forwarded
660 silly ADD node_modules/wrappy
661 silly ADD node_modules/ee-first
662 silly ADD node_modules/mime-db
663 silly ADD node_modules/safer-buffer
664 silly ADD node_modules/toidentifier
665 silly ADD node_modules/setprototypeof
666 silly ADD node_modules/inherits
667 silly ADD node_modules/dunder-proto
668 silly ADD node_modules/math-intrinsics
669 silly ADD node_modules/has-symbols
670 silly ADD node_modules/gopd
671 silly ADD node_modules/get-proto
672 silly ADD node_modules/function-bind
673 silly ADD node_modules/es-object-atoms
674 silly ADD node_modules/es-define-property
675 silly ADD node_modules/call-bind-apply-helpers
676 silly ADD node_modules/has-tostringtag
677 silly ADD node_modules/get-intrinsic
678 silly ADD node_modules/es-errors
679 silly ADD node_modules/delayed-stream
680 silly ADD node_modules/hasown
681 silly ADD node_modules/es-set-tostringtag
682 silly ADD node_modules/combined-stream
683 silly ADD node_modules/asynckit
684 silly ADD node_modules/negotiator
685 silly ADD node_modules/vary
686 silly ADD node_modules/statuses
687 silly ADD node_modules/serve-static
688 silly ADD node_modules/send
689 silly ADD node_modules/router
690 silly ADD node_modules/range-parser
691 silly ADD node_modules/proxy-addr
692 silly ADD node_modules/parseurl
693 silly ADD node_modules/once
694 silly ADD node_modules/mime-types
695 silly ADD node_modules/merge-descriptors
696 silly ADD node_modules/fresh
697 silly ADD node_modules/finalhandler
698 silly ADD node_modules/etag
699 silly ADD node_modules/escape-html
700 silly ADD node_modules/encodeurl
701 silly ADD node_modules/depd
702 silly ADD node_modules/cookie-signature
703 silly ADD node_modules/cookie
704 silly ADD node_modules/content-disposition
705 silly ADD node_modules/accepts
706 silly ADD node_modules/ms
707 silly ADD node_modules/type-is
708 silly ADD node_modules/raw-body
709 silly ADD node_modules/qs
710 silly ADD node_modules/on-finished
711 silly ADD node_modules/iconv-lite
712 silly ADD node_modules/http-errors
713 silly ADD node_modules/debug
714 silly ADD node_modules/content-type
715 silly ADD node_modules/bytes
716 silly ADD node_modules/proxy-from-env
717 silly ADD node_modules/form-data
718 silly ADD node_modules/form-data/node_modules/mime-db
719 silly ADD node_modules/form-data/node_modules/mime-types
720 silly ADD node_modules/follow-redirects
721 silly ADD node_modules/express
722 silly ADD node_modules/body-parser
723 silly ADD node_modules/axios
724 verbose cwd /data/data/com.termux/files/home
725 verbose os Linux 5.10.233-android12-9-00010-g70ad1d50b2d2-ab14134993
726 verbose node v25.8.2
727 verbose npm  v11.12.1
728 verbose exit 0
729 info ok
